<?xml version="1.0" encoding="UTF-8"?>
<!-- Generated by org.testng.reporters.JUnitReportReporter -->
<testsuite hostname="C02D3KDHMD6M" failures="0" tests="1" name="com.ebay.tests.SearchListingTest" time="6.304" errors="0" timestamp="2024-03-27T09:50:30 IST" skipped="0">
  <testcase classname="com.ebay.tests.SearchListingTest" name="EbaySearchListing" time="6.304"/>
</testsuite> <!-- com.ebay.tests.SearchListingTest -->
